{"/Users/sgoldgar/Documents/zebra-takehome/src/components/utils/utils.ts": {"path":"/Users/sgoldgar/Documents/zebra-takehome/src/components/utils/utils.ts","statementMap":{"0":{"start":{"line":3,"column":16},"end":{"line":3,"column":40}},"1":{"start":{"line":4,"column":2},"end":{"line":10,"column":null}},"2":{"start":{"line":5,"column":4},"end":{"line":5,"column":32}},"3":{"start":{"line":6,"column":9},"end":{"line":10,"column":null}},"4":{"start":{"line":7,"column":4},"end":{"line":7,"column":32}},"5":{"start":{"line":9,"column":4},"end":{"line":9,"column":31}},"6":{"start":{"line":13,"column":9},"end":{"line":13,"column":25}}},"fnMap":{"0":{"name":"calculateMinutes","decl":{"start":{"line":2,"column":9},"end":{"line":2,"column":25}},"loc":{"start":{"line":2,"column":38},"end":{"line":11,"column":1}}}},"branchMap":{"0":{"loc":{"start":{"line":4,"column":2},"end":{"line":10,"column":null}},"type":"if","locations":[{"start":{"line":4,"column":2},"end":{"line":10,"column":null}},{"start":{"line":4,"column":2},"end":{"line":10,"column":null}}]},"1":{"loc":{"start":{"line":6,"column":9},"end":{"line":10,"column":null}},"type":"if","locations":[{"start":{"line":6,"column":9},"end":{"line":10,"column":null}},{"start":{"line":6,"column":9},"end":{"line":10,"column":null}}]}},"s":{"0":3,"1":3,"2":1,"3":2,"4":1,"5":1,"6":1},"f":{"0":3},"b":{"0":[1,2],"1":[1,1]}}
}
